c:\users\henry z\desktop\vi\visual studio\schale gui\schale gui\x64\release\vc143.pdb
c:\users\henry z\desktop\vi\visual studio\schale gui\schale gui\x64\release\.netframework,version=v4.8.assemblyattributes.obj
c:\users\henry z\desktop\vi\visual studio\schale gui\schale gui\x64\release\schale gui.obj
c:\users\henry z\desktop\vi\visual studio\schale gui\x64\release\schale gui.exe
c:\users\henry z\desktop\vi\visual studio\schale gui\x64\release\schale gui.pdb
c:\users\henry z\desktop\vi\visual studio\schale gui\schale gui\x64\release\schale gui.res
c:\users\henry z\desktop\vi\visual studio\schale gui\schale gui\x64\release\schale gui.tlog\cl.command.1.tlog
c:\users\henry z\desktop\vi\visual studio\schale gui\schale gui\x64\release\schale gui.tlog\cl.items.tlog
c:\users\henry z\desktop\vi\visual studio\schale gui\schale gui\x64\release\schale gui.tlog\cl.read.1.tlog
c:\users\henry z\desktop\vi\visual studio\schale gui\schale gui\x64\release\schale gui.tlog\cl.write.1.tlog
c:\users\henry z\desktop\vi\visual studio\schale gui\schale gui\x64\release\schale gui.tlog\link.command.1.tlog
c:\users\henry z\desktop\vi\visual studio\schale gui\schale gui\x64\release\schale gui.tlog\link.read.1.tlog
c:\users\henry z\desktop\vi\visual studio\schale gui\schale gui\x64\release\schale gui.tlog\link.write.1.tlog
c:\users\henry z\desktop\vi\visual studio\schale gui\schale gui\x64\release\schale gui.tlog\metagen.read.1.tlog
c:\users\henry z\desktop\vi\visual studio\schale gui\schale gui\x64\release\schale gui.tlog\metagen.write.1.tlog
c:\users\henry z\desktop\vi\visual studio\schale gui\schale gui\x64\release\schale gui.tlog\rc.command.1.tlog
c:\users\henry z\desktop\vi\visual studio\schale gui\schale gui\x64\release\schale gui.tlog\rc.read.1.tlog
c:\users\henry z\desktop\vi\visual studio\schale gui\schale gui\x64\release\schale gui.tlog\rc.write.1.tlog
c:\users\henry z\desktop\vi\visual studio\schale gui\schale gui\x64\release\schale gui.tlog\resgen.command.1.tlog
c:\users\henry z\desktop\vi\visual studio\schale gui\schale gui\x64\release\schale gui.tlog\resgen.read.1.tlog
c:\users\henry z\desktop\vi\visual studio\schale gui\schale gui\x64\release\schale gui.tlog\resgen.write.1.tlog
